{"level":"info","msg":"Received GET request","route":"/","time":"2023-06-22T10:31:22+05:30"}
{"level":"info","msg":"Received GET request","route":"/","time":"2023-06-22T10:32:28+05:30"}
{"level":"info","msg":"Received GET request","route":"/","time":"2023-06-22T11:49:21+05:30"}
{"level":"info","msg":"Received GET request","route":"/","time":"2023-06-22T11:58:58+05:30"}
{"level":"info","msg":"Received GET request","route":"/","time":"2023-06-22T12:00:06+05:30"}
{"level":"info","method":"GET","msg":"Received request","path":"/","time":"2023-06-22T13:08:52+05:30"}
{"level":"info","method":"GET","msg":"Received request","path":"/favicon.ico","time":"2023-06-22T13:08:52+05:30"}
{"level":"info","method":"POST","msg":"Received request","path":"/register","time":"2023-06-22T13:09:05+05:30"}
{"level":"info","method":"POST","msg":"Received request","path":"/register","time":"2023-06-22T13:09:22+05:30"}
{"level":"info","method":"POST","msg":"Received request","path":"/login","time":"2023-06-22T17:08:25+05:30"}
{"level":"info","method":"GET","msg":"Received request","path":"/","time":"2023-06-22T17:14:37+05:30"}
{"level":"info","method":"GET","msg":"Received request","path":"/favicon.ico","time":"2023-06-22T17:14:37+05:30"}
{"level":"info","method":"GET","msg":"Received request","path":"/codename","time":"2023-06-22T17:14:42+05:30"}
{"level":"info","msg":"Received GET request","route":"/codename","time":"2023-06-22T17:14:42+05:30"}
{"level":"info","method":"POST","msg":"Received request","path":"/login","time":"2023-06-22T17:15:37+05:30"}
{"level":"info","method":"GET","msg":"Received request","path":"/codename","time":"2023-06-22T17:17:49+05:30"}
{"level":"info","msg":"Received GET request","route":"/codename","time":"2023-06-22T17:17:49+05:30"}
{"level":"info","method":"POST","msg":"Received request","path":"/login","time":"2023-06-22T17:19:27+05:30"}
{"level":"info","method":"POST","msg":"Received request","path":"/login","time":"2023-06-22T17:19:37+05:30"}
{"level":"info","method":"POST","msg":"Received request","path":"/register","time":"2023-06-22T21:20:13+05:30"}
{"level":"info","method":"POST","msg":"Received request","path":"/register","time":"2023-06-22T21:20:49+05:30"}
{"level":"info","method":"POST","msg":"Received request","path":"/user/forget","time":"2023-06-22T21:45:27+05:30"}
{"level":"info","method":"POST","msg":"Received request","path":"/user/forget","time":"2023-06-22T21:45:47+05:30"}
{"level":"info","method":"POST","msg":"Received request","path":"/user/forget","time":"2023-06-22T21:45:48+05:30"}
{"level":"info","method":"POST","msg":"Received request","path":"/forget","time":"2023-06-22T21:46:14+05:30"}
{"level":"info","method":"POST","msg":"Received request","path":"/forget","time":"2023-06-22T21:46:15+05:30"}
{"level":"info","method":"POST","msg":"Received request","path":"/forget","time":"2023-06-22T21:46:17+05:30"}
{"level":"info","method":"POST","msg":"Received request","path":"/forget","time":"2023-06-22T21:46:30+05:30"}
{"level":"info","method":"POST","msg":"Received request","path":"/forget","time":"2023-06-22T21:47:05+05:30"}
{"level":"info","method":"POST","msg":"Received request","path":"/register","time":"2023-06-22T21:53:48+05:30"}
{"level":"info","method":"POST","msg":"Received request","path":"/register","time":"2023-06-22T22:01:00+05:30"}
{"level":"info","method":"POST","msg":"Received request","path":"/register","time":"2023-06-22T22:01:04+05:30"}
{"level":"info","method":"POST","msg":"Received request","path":"/forget","time":"2023-06-22T22:01:30+05:30"}
{"level":"info","method":"POST","msg":"Received request","path":"/reset","time":"2023-06-22T22:02:40+05:30"}
{"level":"info","method":"POST","msg":"Received request","path":"/forget","time":"2023-06-22T22:03:45+05:30"}
{"level":"info","method":"POST","msg":"Received request","path":"/reset","time":"2023-06-22T22:04:09+05:30"}
{"level":"info","method":"POST","msg":"Received request","path":"/forget","time":"2023-06-22T22:11:26+05:30"}
{"level":"info","method":"POST","msg":"Received request","path":"/reset","time":"2023-06-22T22:11:57+05:30"}
{"level":"info","method":"POST","msg":"Received request","path":"/forget","time":"2023-06-22T22:25:13+05:30"}
{"level":"info","method":"POST","msg":"Received request","path":"/reset","time":"2023-06-22T22:25:38+05:30"}
{"level":"info","method":"POST","msg":"Received request","path":"/forget","time":"2023-06-22T22:29:13+05:30"}
{"level":"info","method":"POST","msg":"Received request","path":"/reset","time":"2023-06-22T22:30:09+05:30"}
{"level":"info","method":"POST","msg":"Received request","path":"/forget","time":"2023-06-22T22:30:20+05:30"}
{"level":"info","method":"POST","msg":"Received request","path":"/reset","time":"2023-06-22T22:30:52+05:30"}
{"level":"info","method":"POST","msg":"Received request","path":"/forget","time":"2023-06-22T22:32:19+05:30"}
{"level":"info","method":"POST","msg":"Received request","path":"/reset","time":"2023-06-22T22:32:58+05:30"}
{"level":"info","method":"POST","msg":"Received request","path":"/reset","time":"2023-06-22T22:34:28+05:30"}
{"level":"info","method":"POST","msg":"Received request","path":"/forget","time":"2023-06-22T22:35:02+05:30"}
{"level":"info","method":"POST","msg":"Received request","path":"/reset","time":"2023-06-22T22:35:37+05:30"}
{"level":"info","method":"POST","msg":"Received request","path":"/reset","time":"2023-06-23T10:27:37+05:30"}
{"level":"info","method":"POST","msg":"Received request","path":"/forget","time":"2023-06-23T10:27:55+05:30"}
{"level":"info","method":"POST","msg":"Received request","path":"/forget","time":"2023-06-23T10:28:16+05:30"}
{"level":"info","method":"POST","msg":"Received request","path":"/reset","time":"2023-06-23T10:28:47+05:30"}
{"level":"info","method":"POST","msg":"Received request","path":"/forget","time":"2023-06-23T21:00:58+05:30"}
{"level":"info","method":"POST","msg":"Received request","path":"/reset","time":"2023-06-23T21:01:32+05:30"}
{"level":"info","method":"POST","msg":"Received request","path":"/reset","time":"2023-06-23T21:01:55+05:30"}
{"level":"info","method":"POST","msg":"Received request","path":"/reset","time":"2023-06-23T21:02:52+05:30"}
{"level":"info","method":"POST","msg":"Received request","path":"/reset","time":"2023-06-23T21:03:25+05:30"}
{"level":"info","method":"POST","msg":"Received request","path":"/reset","time":"2023-06-23T21:04:03+05:30"}
{"level":"info","method":"POST","msg":"Received request","path":"/forget","time":"2023-06-23T21:05:06+05:30"}
{"level":"info","method":"POST","msg":"Received request","path":"/reset","time":"2023-06-23T21:05:39+05:30"}
{"level":"info","method":"POST","msg":"Received request","path":"/forget","time":"2023-06-23T21:08:53+05:30"}
{"level":"info","method":"POST","msg":"Received request","path":"/reset","time":"2023-06-23T21:09:22+05:30"}
{"level":"info","method":"GET","msg":"Received request","path":"/reset/password","time":"2023-06-23T21:24:48+05:30"}
{"level":"info","method":"GET","msg":"Received request","path":"/reset/password","time":"2023-06-23T21:24:59+05:30"}
{"level":"info","method":"GET","msg":"Received request","path":"/reset/password","time":"2023-06-23T21:25:00+05:30"}
{"level":"info","method":"GET","msg":"Received request","path":"/newpwd","time":"2023-06-23T21:25:34+05:30"}
{"level":"info","method":"GET","msg":"Received request","path":"/newpwd","time":"2023-06-23T21:25:35+05:30"}
{"level":"info","method":"POST","msg":"Received request","path":"/newpwd","time":"2023-06-23T21:25:42+05:30"}
{"level":"info","method":"POST","msg":"Received request","path":"/newpwd","time":"2023-06-23T21:26:10+05:30"}
{"level":"info","method":"POST","msg":"Received request","path":"/newpwd","time":"2023-06-23T21:27:17+05:30"}
{"level":"info","method":"POST","msg":"Received request","path":"/newpwd","time":"2023-06-23T21:28:20+05:30"}
{"level":"info","method":"POST","msg":"Received request","path":"/newpwd","time":"2023-06-23T21:28:30+05:30"}
{"level":"info","method":"POST","msg":"Received request","path":"/newpwd","time":"2023-06-23T21:29:54+05:30"}
{"level":"info","method":"POST","msg":"Received request","path":"/newpwd","time":"2023-06-23T21:32:14+05:30"}
{"level":"info","method":"POST","msg":"Received request","path":"/forget","time":"2023-06-23T21:35:05+05:30"}
{"level":"info","method":"POST","msg":"Received request","path":"/reset","time":"2023-06-23T21:35:45+05:30"}
{"level":"info","method":"POST","msg":"Received request","path":"/newpwd","time":"2023-06-23T21:37:01+05:30"}
{"level":"info","method":"POST","msg":"Received request","path":"/reset","time":"2023-06-23T21:37:31+05:30"}
{"level":"info","method":"POST","msg":"Received request","path":"/forget","time":"2023-06-23T21:37:36+05:30"}
{"level":"info","method":"POST","msg":"Received request","path":"/reset","time":"2023-06-23T21:38:07+05:30"}
{"level":"info","method":"POST","msg":"Received request","path":"/forget","time":"2023-06-23T21:38:13+05:30"}
{"level":"info","method":"POST","msg":"Received request","path":"/reset","time":"2023-06-23T21:38:37+05:30"}
{"level":"info","method":"POST","msg":"Received request","path":"/forget","time":"2023-06-23T21:41:26+05:30"}
{"level":"info","method":"POST","msg":"Received request","path":"/reset","time":"2023-06-23T21:41:53+05:30"}
{"level":"info","method":"POST","msg":"Received request","path":"/forget","time":"2023-06-23T21:42:03+05:30"}
{"level":"info","method":"POST","msg":"Received request","path":"/reset","time":"2023-06-23T21:42:25+05:30"}
{"level":"info","method":"GET","msg":"Received request","path":"/","time":"2023-06-23T23:20:24+05:30"}
{"level":"info","method":"GET","msg":"Received request","path":"/favicon.ico","time":"2023-06-23T23:20:24+05:30"}
{"level":"info","method":"GET","msg":"Received request","path":"/admin","time":"2023-06-23T23:20:33+05:30"}
{"level":"info","method":"GET","msg":"Received request","path":"/admin","time":"2023-06-23T23:30:41+05:30"}
{"level":"info","method":"GET","msg":"Received request","path":"/","time":"2023-06-23T23:35:33+05:30"}
{"level":"info","method":"GET","msg":"Received request","path":"/admin","time":"2023-06-23T23:35:39+05:30"}
{"level":"info","method":"GET","msg":"Received request","path":"/admin","time":"2023-06-23T23:37:41+05:30"}
{"level":"info","method":"GET","msg":"Received request","path":"/codename","time":"2023-06-23T23:44:40+05:30"}
{"level":"info","method":"GET","msg":"Received request","path":"/codename","time":"2023-06-23T23:45:15+05:30"}
{"level":"info","method":"GET","msg":"Received request","path":"/codename","time":"2023-06-23T23:46:05+05:30"}
{"level":"info","msg":"Received GET request","route":"/codename","time":"2023-06-23T23:46:05+05:30"}
{"level":"info","method":"GET","msg":"Received request","path":"/admin","time":"2023-06-23T23:46:28+05:30"}
{"level":"info","method":"GET","msg":"Received request","path":"/admin/:id:id=901","time":"2023-06-23T23:46:59+05:30"}
{"level":"info","method":"GET","msg":"Received request","path":"/","time":"2023-06-24T10:43:31+05:30"}
{"level":"info","method":"GET","msg":"Received request","path":"/favicon.ico","time":"2023-06-24T10:43:32+05:30"}
{"level":"info","method":"GET","msg":"Received request","path":"/admin","time":"2023-06-24T10:43:37+05:30"}
{"level":"info","method":"GET","msg":"Received request","path":"/","time":"2023-06-24T10:44:26+05:30"}
{"level":"info","method":"GET","msg":"Received request","path":"/changeusername","time":"2023-06-24T10:44:43+05:30"}
{"level":"info","method":"POST","msg":"Received request","path":"/changeusername","time":"2023-06-24T10:46:04+05:30"}
{"level":"info","method":"GET","msg":"Received request","path":"/admin","time":"2023-06-24T10:46:12+05:30"}
{"level":"info","method":"POST","msg":"Received request","path":"/changeusername","time":"2023-06-24T10:48:09+05:30"}
{"level":"info","method":"POST","msg":"Received request","path":"/changeusername","time":"2023-06-24T10:48:40+05:30"}
{"level":"info","method":"POST","msg":"Received request","path":"/changeusername","time":"2023-06-24T10:48:41+05:30"}
{"level":"info","method":"POST","msg":"Received request","path":"/changeusername","time":"2023-06-24T10:48:43+05:30"}
{"level":"info","method":"POST","msg":"Received request","path":"/changeusername","time":"2023-06-24T10:48:44+05:30"}
{"level":"info","method":"POST","msg":"Received request","path":"/changeusername","time":"2023-06-24T10:50:41+05:30"}
{"level":"info","method":"POST","msg":"Received request","path":"/changeusername","time":"2023-06-24T10:50:54+05:30"}
{"level":"info","method":"POST","msg":"Received request","path":"/changeusername","time":"2023-06-24T10:51:33+05:30"}
{"level":"info","method":"POST","msg":"Received request","path":"/changeusername","time":"2023-06-24T10:51:39+05:30"}
{"level":"info","method":"POST","msg":"Received request","path":"/changeusername","time":"2023-06-24T10:51:46+05:30"}
{"level":"info","method":"POST","msg":"Received request","path":"/changeusername","time":"2023-06-24T10:52:12+05:30"}
{"level":"info","method":"POST","msg":"Received request","path":"/changeusername","time":"2023-06-24T10:52:20+05:30"}
{"level":"info","method":"GET","msg":"Received request","path":"/admin","time":"2023-06-24T10:56:15+05:30"}
{"level":"info","method":"GET","msg":"Received request","path":"/admin","time":"2023-06-24T11:05:31+05:30"}
{"level":"info","method":"GET","msg":"Received request","path":"/admin","time":"2023-06-24T11:06:58+05:30"}
{"level":"info","method":"GET","msg":"Received request","path":"/admin","time":"2023-06-24T11:07:35+05:30"}
{"level":"info","method":"GET","msg":"Received request","path":"/admin","time":"2023-06-24T11:10:04+05:30"}
{"level":"info","method":"GET","msg":"Received request","path":"/admin","time":"2023-06-24T11:11:21+05:30"}
{"level":"info","method":"GET","msg":"Received request","path":"/admin","time":"2023-06-24T11:12:33+05:30"}
{"level":"info","method":"GET","msg":"Received request","path":"/","time":"2023-06-24T22:51:06+05:30"}
{"level":"info","method":"GET","msg":"Received request","path":"/favicon.ico","time":"2023-06-24T22:51:07+05:30"}
{"level":"info","method":"GET","msg":"Received request","path":"/admin","time":"2023-06-24T22:51:15+05:30"}
{"level":"info","method":"GET","msg":"Received request","path":"/admin/user","time":"2023-06-24T22:51:19+05:30"}
{"level":"info","method":"GET","msg":"Received request","path":"/admin/user","time":"2023-06-24T22:52:00+05:30"}
{"level":"info","method":"GET","msg":"Received request","path":"/id","time":"2023-06-24T22:52:42+05:30"}
{"level":"info","method":"GET","msg":"Received request","path":"/id","time":"2023-06-24T22:55:24+05:30"}
{"level":"info","method":"POST","msg":"Received request","path":"/id","time":"2023-06-24T22:56:56+05:30"}
{"level":"info","method":"POST","msg":"Received request","path":"/id","time":"2023-06-24T22:57:44+05:30"}
{"level":"info","method":"GET","msg":"Received request","path":"/admin","time":"2023-06-24T23:00:36+05:30"}
{"level":"info","method":"GET","msg":"Received request","path":"/project/analytics/all","time":"2023-06-24T23:16:22+05:30"}
{"level":"info","method":"POST","msg":"Received request","path":"/register","time":"2023-06-24T23:18:13+05:30"}
{"level":"info","method":"POST","msg":"Received request","path":"/register","time":"2023-06-24T23:18:18+05:30"}
{"level":"info","method":"GET","msg":"Received request","path":"/admin","time":"2023-06-24T23:18:37+05:30"}
{"level":"info","method":"POST","msg":"Received request","path":"/register","time":"2023-06-25T21:02:43+05:30"}
{"level":"info","method":"POST","msg":"Received request","path":"/register","time":"2023-06-25T21:03:36+05:30"}
{"level":"info","method":"POST","msg":"Received request","path":"/register","time":"2023-06-25T21:03:51+05:30"}
{"level":"info","method":"POST","msg":"Received request","path":"/register","time":"2023-06-25T21:04:03+05:30"}
{"level":"info","method":"POST","msg":"Received request","path":"/register","time":"2023-06-25T21:05:01+05:30"}
{"level":"info","method":"POST","msg":"Received request","path":"/register","time":"2023-06-25T21:10:08+05:30"}
{"level":"info","method":"POST","msg":"Received request","path":"/register","time":"2023-06-25T21:14:39+05:30"}
{"level":"info","method":"POST","msg":"Received request","path":"/register","time":"2023-06-25T21:15:17+05:30"}
{"level":"info","method":"POST","msg":"Received request","path":"/register","time":"2023-06-25T21:15:23+05:30"}
{"level":"info","method":"POST","msg":"Received request","path":"/register","time":"2023-06-25T21:15:53+05:30"}
{"level":"info","method":"POST","msg":"Received request","path":"/register","time":"2023-06-25T21:16:04+05:30"}
{"level":"info","method":"POST","msg":"Received request","path":"/register","time":"2023-06-25T21:16:06+05:30"}
{"level":"info","method":"POST","msg":"Received request","path":"/register","time":"2023-06-25T21:16:09+05:30"}
{"level":"info","method":"GET","msg":"Received request","path":"/","time":"2023-06-26T23:06:09+05:30"}
{"level":"info","method":"GET","msg":"Received request","path":"/favicon.ico","time":"2023-06-26T23:06:10+05:30"}
{"level":"info","method":"GET","msg":"Received request","path":"/newusers","time":"2023-06-26T23:06:16+05:30"}
{"level":"info","method":"GET","msg":"Received request","path":"/newuser","time":"2023-06-26T23:06:23+05:30"}
{"level":"info","method":"GET","msg":"Received request","path":"/admin","time":"2023-06-28T23:17:24+05:30"}
{"level":"info","method":"GET","msg":"Received request","path":"/favicon.ico","time":"2023-06-28T23:17:27+05:30"}
{"level":"info","method":"GET","msg":"Received request","path":"/","time":"2023-06-28T23:17:35+05:30"}
{"level":"info","method":"POST","msg":"Received request","path":"/deleteuser","time":"2023-06-28T23:18:55+05:30"}
{"level":"info","method":"POST","msg":"Received request","path":"/deleteuser","time":"2023-06-28T23:19:23+05:30"}
{"level":"info","method":"POST","msg":"Received request","path":"/deleteuser","time":"2023-06-28T23:19:47+05:30"}
{"level":"info","method":"POST","msg":"Received request","path":"/deleteuser","time":"2023-06-28T23:20:09+05:30"}
{"level":"info","method":"GET","msg":"Received request","path":"/admin","time":"2023-06-28T23:20:16+05:30"}
{"level":"info","method":"GET","msg":"Received request","path":"/admin","time":"2023-06-28T23:29:25+05:30"}
{"level":"info","method":"GET","msg":"Received request","path":"/admin","time":"2023-06-28T23:29:37+05:30"}
{"level":"info","method":"GET","msg":"Received request","path":"/","time":"2023-06-28T23:34:20+05:30"}
{"level":"info","method":"GET","msg":"Received request","path":"/","time":"2023-06-28T23:34:21+05:30"}
{"level":"info","method":"GET","msg":"Received request","path":"/admin","time":"2023-06-28T23:35:15+05:30"}
{"level":"info","method":"GET","msg":"Received request","path":"/","time":"2023-06-28T23:35:49+05:30"}
{"level":"info","method":"GET","msg":"Received request","path":"/","time":"2023-06-28T23:36:16+05:30"}
{"level":"info","method":"GET","msg":"Received request","path":"/admin","time":"2023-06-28T23:37:39+05:30"}
{"level":"info","method":"GET","msg":"Received request","path":"/","time":"2023-06-28T23:42:50+05:30"}
{"level":"info","method":"GET","msg":"Received request","path":"/","time":"2023-06-28T23:42:55+05:30"}
{"level":"info","method":"GET","msg":"Received request","path":"/","time":"2023-06-28T23:42:56+05:30"}
{"level":"info","method":"GET","msg":"Received request","path":"/","time":"2023-06-28T23:42:56+05:30"}
{"level":"info","method":"GET","msg":"Received request","path":"/admin","time":"2023-06-28T23:43:04+05:30"}
{"level":"info","method":"GET","msg":"Received request","path":"/admin","time":"2023-06-28T23:43:08+05:30"}
{"level":"info","method":"GET","msg":"Received request","path":"/admin","time":"2023-06-28T23:43:10+05:30"}
{"level":"info","method":"GET","msg":"Received request","path":"/admin","time":"2023-06-28T23:43:31+05:30"}
{"level":"info","method":"GET","msg":"Received request","path":"/admin","time":"2023-06-28T23:43:32+05:30"}
{"level":"info","method":"GET","msg":"Received request","path":"/admin","time":"2023-06-28T23:44:25+05:30"}
{"level":"info","method":"GET","msg":"Received request","path":"/admin","time":"2023-06-28T23:44:26+05:30"}
{"level":"info","method":"GET","msg":"Received request","path":"/admin","time":"2023-06-28T23:45:03+05:30"}
{"level":"info","method":"GET","msg":"Received request","path":"/admin","time":"2023-06-28T23:46:34+05:30"}
{"level":"info","method":"GET","msg":"Received request","path":"/admin","time":"2023-06-28T23:46:41+05:30"}
{"level":"info","method":"GET","msg":"Received request","path":"/admin","time":"2023-06-28T23:46:43+05:30"}
{"level":"info","method":"GET","msg":"Received request","path":"/","time":"2023-06-28T23:47:35+05:30"}
{"level":"info","method":"GET","msg":"Received request","path":"/admin","time":"2023-06-28T23:48:40+05:30"}
{"level":"info","method":"GET","msg":"Received request","path":"/admin","time":"2023-06-28T23:48:47+05:30"}
{"level":"info","method":"GET","msg":"Received request","path":"/admin","time":"2023-06-28T23:48:48+05:30"}
{"level":"info","method":"GET","msg":"Received request","path":"/admin","time":"2023-06-28T23:48:49+05:30"}
{"level":"info","method":"GET","msg":"Received request","path":"/admin","time":"2023-06-28T23:49:27+05:30"}
{"level":"info","method":"GET","msg":"Received request","path":"/admin","time":"2023-06-28T23:52:09+05:30"}
{"level":"info","method":"GET","msg":"Received request","path":"/admin","time":"2023-06-28T23:52:13+05:30"}
{"level":"info","msg":"JWT: eyJhbGciOiJIUzI1NiIsInR5cCI6IkpXVCJ9.eyJ1c2VybmFtZSI6ImFkbWluIiwiZXhwIjoxNTAwMH0.ttfKE4ZISwKDoOpp1G81uIAmgNJGmPTUVlUibakNlBQ","time":"2023-06-29T00:02:50+05:30"}
{"level":"info","msg":"JWT: eyJhbGciOiJIUzI1NiIsInR5cCI6IkpXVCJ9.eyJ1c2VybmFtZSI6ImFkbWluIiwiZXhwIjoxNTAwMH0.ttfKE4ZISwKDoOpp1G81uIAmgNJGmPTUVlUibakNlBQ","time":"2023-06-29T00:05:35+05:30"}
{"level":"info","method":"GET","msg":"Received request","path":"/admin","time":"2023-06-29T00:05:38+05:30"}
{"level":"info","method":"GET","msg":"Received request","path":"/admin","time":"2023-06-29T00:05:39+05:30"}
{"level":"info","method":"GET","msg":"Received request","path":"/admin","time":"2023-06-29T00:05:44+05:30"}
{"level":"info","method":"GET","msg":"Received request","path":"/admin","time":"2023-06-29T00:05:58+05:30"}
{"level":"info","method":"GET","msg":"Received request","path":"/admin","time":"2023-06-29T00:06:07+05:30"}
{"level":"info","method":"GET","msg":"Received request","path":"/admin","time":"2023-06-29T00:06:08+05:30"}
{"level":"info","method":"GET","msg":"Received request","path":"/admin","time":"2023-06-29T00:06:09+05:30"}
{"level":"info","method":"GET","msg":"Received request","path":"/admin","time":"2023-06-29T00:06:34+05:30"}
{"level":"info","method":"GET","msg":"Received request","path":"/admin","time":"2023-06-29T00:06:36+05:30"}
{"level":"info","method":"GET","msg":"Received request","path":"/admin","time":"2023-06-29T00:07:08+05:30"}
{"level":"info","method":"GET","msg":"Received request","path":"/admin","time":"2023-06-29T00:08:03+05:30"}
{"level":"info","msg":"JWT: eyJhbGciOiJIUzI1NiIsInR5cCI6IkpXVCJ9.eyJ1c2VybmFtZSI6ImFkbWluIiwiZXhwIjoxNTAwMH0.nUjNEEWObdLyxltdGAA5_xuzR3EAgapAh-aZ-Tnq1EU","time":"2023-06-29T09:24:52+05:30"}
{"level":"info","msg":"JWT: eyJhbGciOiJIUzI1NiIsInR5cCI6IkpXVCJ9.eyJ1c2VybmFtZSI6ImFkbWluIiwiZXhwIjoxNjg4NjE1NzgxfQ._IZRfE_7p6rq7H06_BbKua1Sf9VdQ4yvuR2aFFfG7mA","time":"2023-06-29T09:26:21+05:30"}
{"level":"info","msg":"JWT: eyJhbGciOiJIUzI1NiIsInR5cCI6IkpXVCJ9.eyJ1c2VybmFtZSI6ImFkbWluIiwiZXhwIjoxNjg4NjE1ODA4fQ.7bCIPWKZnwn_4_66miquaihMT3I5FHeAFtjAPtNymDM","time":"2023-06-29T09:26:48+05:30"}
{"level":"info","method":"GET","msg":"Received request","path":"/admin","time":"2023-06-29T09:27:30+05:30"}
{"level":"info","method":"GET","msg":"Received request","path":"/admin","time":"2023-06-29T09:27:54+05:30"}
{"level":"info","method":"GET","msg":"Received request","path":"/admin","time":"2023-06-29T09:30:01+05:30"}
{"level":"info","method":"GET","msg":"Received request","path":"/admin","time":"2023-06-29T09:30:18+05:30"}
{"level":"info","method":"GET","msg":"Received request","path":"/admin","time":"2023-06-29T10:00:46+05:30"}
{"level":"info","msg":"JWT: eyJhbGciOiJIUzI1NiIsInR5cCI6IkpXVCJ9.eyJ1c2VybmFtZSI6ImFkbWluIiwiZXhwIjoxNjg4NjE3OTkzfQ.kK0ZPP65XYVy3kBD1FyB215Z9y1LXw34r3WS2RrOPH0","time":"2023-06-29T10:03:13+05:30"}
{"level":"info","method":"GET","msg":"Received request","path":"/admin","time":"2023-06-29T10:03:33+05:30"}
{"level":"info","method":"GET","msg":"Received request","path":"/admin","time":"2023-06-29T10:05:46+05:30"}
{"level":"info","msg":"JWT: eyJhbGciOiJIUzI1NiIsInR5cCI6IkpXVCJ9.eyJ1c2VybmFtZSI6ImFkbWluIiwiZXhwIjoxNjg4MDEzNDIwfQ.VtnFV8lmYLODy42q47YQWGusgqCw5hIeCL3w2Mf55pk","time":"2023-06-29T10:06:00+05:30"}
{"level":"info","method":"GET","msg":"Received request","path":"/admin","time":"2023-06-29T10:06:15+05:30"}
{"level":"info","method":"GET","msg":"Received request","path":"/admin","time":"2023-06-29T10:06:30+05:30"}
{"level":"info","method":"GET","msg":"Received request","path":"/admin","time":"2023-06-29T10:06:58+05:30"}
{"level":"info","msg":"JWT: eyJhbGciOiJIUzI1NiIsInR5cCI6IkpXVCJ9.eyJ1c2VybmFtZSI6ImFkbWluIiwiZXhwIjoxNjg4MDEzNjEyfQ.SvrmKinTqSOzOHsxu_qSZ1tcORH8EZmntAJQF1GDabg","time":"2023-06-29T10:09:12+05:30"}
{"level":"info","msg":"JWT: eyJhbGciOiJIUzI1NiIsInR5cCI6IkpXVCJ9.eyJ1c2VybmFtZSI6ImFkbWluIiwiZXhwIjoxNjg4MDEzNjM1fQ.YOiE7c7eNmeC3A05eskjSwGSXPEIplWky5_pffGynBQ","time":"2023-06-29T10:09:35+05:30"}
{"level":"info","method":"GET","msg":"Received request","path":"/admin","time":"2023-06-29T10:11:46+05:30"}
{"level":"info","method":"GET","msg":"Received request","path":"/admin","time":"2023-06-29T10:11:52+05:30"}
{"level":"info","method":"GET","msg":"Received request","path":"/admin","time":"2023-06-29T10:11:56+05:30"}
{"level":"info","method":"GET","msg":"Received request","path":"/admin","time":"2023-06-29T10:11:56+05:30"}
{"level":"info","method":"GET","msg":"Received request","path":"/admin","time":"2023-06-29T10:11:57+05:30"}
{"level":"info","method":"GET","msg":"Received request","path":"/admin","time":"2023-06-29T10:11:58+05:30"}
{"level":"info","method":"GET","msg":"Received request","path":"/admin","time":"2023-06-29T10:21:43+05:30"}
{"level":"info","msg":"JWT: eyJhbGciOiJIUzI1NiIsInR5cCI6IkpXVCJ9.eyJ1c2VybmFtZSI6ImFkbWluIiwiZXhwIjoxNjg4MDE0Mzg4fQ.21iHL0AGGhaJKYEyB-gVOv8bixTd434tA1VjFbiY57Q","time":"2023-06-29T10:22:08+05:30"}
{"level":"info","method":"GET","msg":"Received request","path":"/admin","time":"2023-06-29T10:22:43+05:30"}
{"level":"info","method":"GET","msg":"Received request","path":"/admin","time":"2023-06-29T10:24:01+05:30"}
{"level":"info","msg":"JWT: eyJhbGciOiJIUzI1NiIsInR5cCI6IkpXVCJ9.eyJ1c2VybmFtZSI6ImFkbWluIiwiZXhwIjoxNjg4MDU4ODIxfQ.k6_fxxHawAwIWzaGbGAMWGXda6YSssHjtJrPtyC5ZoE","time":"2023-06-29T22:42:41+05:30"}
{"level":"info","method":"GET","msg":"Received request","path":"/admin","time":"2023-06-29T22:43:43+05:30"}
{"level":"info","msg":"JWT: eyJhbGciOiJIUzI1NiIsInR5cCI6IkpXVCJ9.eyJ1c2VybmFtZSI6ImFkbWluIiwiZXhwIjoxNjg4MDYxMDA3fQ.4mMyeBjH0rs1x5k2EixoaLVctAC3hWdMwXI-z2CWf7g","time":"2023-06-29T23:19:07+05:30"}
{"level":"info","msg":"JWT: eyJhbGciOiJIUzI1NiIsInR5cCI6IkpXVCJ9.eyJ1c2VybmFtZSI6ImFkbWluIiwiZXhwIjoxNjg4MDYxMzEyfQ.734MQRJpIb5kc3k8Skxt9j9RS9jEfT1Ps8gJQq0CWc0","time":"2023-06-29T23:24:12+05:30"}
{"level":"fatal","msg":"Failed to save JWT: open token/token.json: no such file or directory","time":"2023-06-29T23:24:12+05:30"}
{"level":"info","msg":"JWT: eyJhbGciOiJIUzI1NiIsInR5cCI6IkpXVCJ9.eyJ1c2VybmFtZSI6ImFkbWluIiwiZXhwIjoxNjg4MDYxMzU3fQ.x3sdZ3IbWZz72rijgHuIY0SsL-xli2GGLDWb0FztD9Y","time":"2023-06-29T23:24:57+05:30"}
{"level":"info","msg":"JWT: eyJhbGciOiJIUzI1NiIsInR5cCI6IkpXVCJ9.eyJ1c2VybmFtZSI6ImFkbWluIiwiZXhwIjoxNjg4MDYyMDU1fQ.F7lvFHRg7MJd7PFanRzQBYg116me1akwVOuvD3EeRtM","time":"2023-06-29T23:36:35+05:30"}
{"level":"info","method":"GET","msg":"Received request","path":"/admin","time":"2023-06-29T23:37:37+05:30"}
{"level":"info","method":"GET","msg":"Received request","path":"/admin","time":"2023-06-29T23:37:59+05:30"}
{"level":"info","method":"GET","msg":"Received request","path":"/admin","time":"2023-06-29T23:38:15+05:30"}
{"level":"info","method":"GET","msg":"Received request","path":"/admin","time":"2023-06-29T23:38:16+05:30"}
{"level":"info","msg":"JWT: eyJhbGciOiJIUzI1NiIsInR5cCI6IkpXVCJ9.eyJ1c2VybmFtZSI6ImFkbWluIiwiZXhwIjoxNjg4NjY2OTQyfQ.g2Tf81s5lTz06LRDcjtJWtsojYw84osYrPN0KqWwPn8","time":"2023-06-29T23:39:02+05:30"}
{"level":"info","msg":"JWT: eyJhbGciOiJIUzI1NiIsInR5cCI6IkpXVCJ9.eyJ1c2VybmFtZSI6ImFkbWluIiwiZXhwIjoxNjg4NjY2OTYwfQ.gKygcoudX2sDXo54kPCTXNnJtiwUczviCSmhgJqtAU4","time":"2023-06-29T23:39:20+05:30"}
{"level":"info","method":"GET","msg":"Received request","path":"/admin","time":"2023-06-29T23:39:52+05:30"}
{"level":"info","method":"GET","msg":"Received request","path":"/admin","time":"2023-06-29T23:40:30+05:30"}
{"level":"info","msg":"Use Your Old one JWT","time":"2023-06-29T23:47:30+05:30"}
{"level":"info","msg":"JWT: eyJhbGciOiJIUzI1NiIsInR5cCI6IkpXVCJ9.eyJ1c2VybmFtZSI6ImFkbWluIiwiZXhwIjoxNjg4NjY3NDUwfQ.7SNYPkmKPb8rCD4bph9tlh3lanfsOkT3tnZ8AWiSc48","time":"2023-06-29T23:47:30+05:30"}
{"level":"info","msg":"Use Your Old JWT","time":"2023-06-29T23:49:17+05:30"}
{"level":"info","msg":"JWT: eyJhbGciOiJIUzI1NiIsInR5cCI6IkpXVCJ9.eyJ1c2VybmFtZSI6ImFkbWluIiwiZXhwIjoxNjg4NjY3NTU3fQ.fk2jqNHWril2_upVKsN3luQIqEWYgv3HKa88gZep6oY","time":"2023-06-29T23:49:17+05:30"}
{"level":"info","msg":"JWT token not expired","time":"2023-06-29T23:56:10+05:30"}
{"level":"info","method":"GET","msg":"Received request","path":"/admin","time":"2023-06-29T23:56:36+05:30"}
{"level":"info","method":"GET","msg":"Received request","path":"/admin","time":"2023-06-29T23:57:34+05:30"}
{"level":"info","method":"GET","msg":"Received request","path":"/admin","time":"2023-06-29T23:58:55+05:30"}
{"level":"info","msg":"JWT token not expired","time":"2023-06-30T00:04:59+05:30"}
{"level":"info","method":"GET","msg":"Received request","path":"/admin","time":"2023-06-30T00:05:11+05:30"}
{"level":"info","method":"GET","msg":"Received request","path":"/admin","time":"2023-06-30T00:06:52+05:30"}
{"level":"info","msg":"JWT token not expired","time":"2023-06-30T00:07:23+05:30"}
{"level":"info","method":"GET","msg":"Received request","path":"/admin","time":"2023-06-30T00:07:37+05:30"}
{"level":"info","method":"GET","msg":"Received request","path":"/admin","time":"2023-06-30T00:08:04+05:30"}
{"level":"info","method":"GET","msg":"Received request","path":"/admin","time":"2023-06-30T00:08:15+05:30"}
{"level":"info","method":"GET","msg":"Received request","path":"/admin","time":"2023-06-30T00:14:11+05:30"}
{"level":"info","method":"GET","msg":"Received request","path":"/admin","time":"2023-06-30T00:14:40+05:30"}
{"level":"info","method":"GET","msg":"Received request","path":"/admin","time":"2023-06-30T00:14:47+05:30"}
{"level":"info","msg":"JWT token not expired","time":"2023-06-30T20:17:28+05:30"}
{"level":"info","method":"GET","msg":"Received request","path":"/admin","time":"2023-06-30T20:17:38+05:30"}
{"level":"info","msg":"JWT token not expired","time":"2023-06-30T20:21:05+05:30"}
{"level":"info","method":"GET","msg":"Received request","path":"/admin","time":"2023-06-30T20:49:35+05:30"}
{"level":"info","method":"GET","msg":"Received request","path":"/admin","time":"2023-06-30T20:51:26+05:30"}
{"level":"info","method":"GET","msg":"Received request","path":"/admin","time":"2023-06-30T21:00:40+05:30"}
{"level":"info","method":"GET","msg":"Received request","path":"/admin","time":"2023-06-30T21:04:23+05:30"}
{"level":"info","method":"GET","msg":"Received request","path":"/admin","time":"2023-06-30T21:04:24+05:30"}
{"level":"info","method":"GET","msg":"Received request","path":"/admin","time":"2023-06-30T21:07:20+05:30"}
{"level":"info","method":"GET","msg":"Received request","path":"/admin","time":"2023-06-30T21:08:53+05:30"}
{"level":"info","method":"GET","msg":"Received request","path":"/admin","time":"2023-06-30T21:10:49+05:30"}
